Brotli
https://pypi.python.org/pypi/Brotli
https://github.com/google/brotli

zopfli
https://pypi.python.org/pypi/zopfli
https://github.com/obp/py-zopfli

unicodedata2
https://pypi.python.org/pypi/unicodedata2
http://github.com/mikekap/unicodedata2

sympy
https://pypi.python.org/pypi/sympy
http://sympy.org/

mpmath
https://pypi.python.org/pypi/mpmath
http://mpmath.org/

wheel
https://packaging.python.org/key_projects/#wheel

numpy
https://www.lfd.uci.edu/~gohlke/pythonlibs/#numpy
numpy-1.14.0+mkl-cp37-cp37m-win32.whl
https://pypi.python.org/pypi/numpy
http://www.numpy.org/
http://sourceforge.net/projects/numpy/files/NumPy/

ttfautohint-py  
https://pypi.python.org/pypi/ttfautohint-py
https://github.com/fonttools/ttfautohint-py




scipy
https://pypi.python.org/pypi/scipy
https://github.com/scipy/scipy/releases

munkres
https://pypi.python.org/pypi/munkres
http://software.clapper.org/munkres/


---------
windows-binaries (non python)
ttfautohint
https://www.freetype.org/ttfautohint/#download
https://sourceforge.net/projects/freetype/files/ttfautohint/

free type
https://sourceforge.net/projects/freetype/files/latest/download?source=files


------------------------------------------------------------------------------------------------
------------------------------------------------------------------------------------------------

C:\Users\Elad\AppData\Local\Programs\Python\Python37-32\Scripts

------------------------------------------------------------------------------------------------




Command "python setup.py egg_info" failed with error code 1 in

























  uninstall                   Uninstall packages.
  freeze                      Output installed packages in requirements format.
  list                        List installed packages.
  show                        Show information about installed packages.
  check                       Verify installed packages have compatible dependen
cies.
  search                      Search PyPI for packages.
  wheel                       Build wheels from your requirements.
  hash                        Compute hashes of package archives.
  completion                  A helper command used for command completion.
  help                        Show help for commands.

General Options:
  -h, --help                  Show help.
  --isolated                  Run pip in an isolated mode, ignoring
                              environment variables and user configuration.
  -v, --verbose               Give more output. Option is additive, and can be
                              used up to 3 times.
  -V, --version               Show version and exit.
  -q, --quiet                 Give less output. Option is additive, and can be
                              used up to 3 times (corresponding to WARNING,
                              ERROR, and CRITICAL logging levels).
  --log <path>                Path to a verbose appending log.
  --proxy <proxy>             Specify a proxy in the form
                              [user:passwd@]proxy.server:port.
  --retries <retries>         Maximum number of retries each connection should
                              attempt (default 5 times).
  --timeout <sec>             Set the socket timeout (default 15 seconds).
  --exists-action <action>    Default action when a path already exists:
                              (s)witch, (i)gnore, (w)ipe, (b)ackup, (a)bort.
  --trusted-host <hostname>   Mark this host as trusted, even though it does
                              not have valid or any HTTPS.
  --cert <path>               Path to alternate CA bundle.
  --client-cert <path>        Path to SSL client certificate, a single file
                              containing the private key and the certificate
                              in PEM format.
  --cache-dir <dir>           Store the cache data in <dir>.
  --no-cache-dir              Disable the cache.
  --disable-pip-version-check
                              Don't periodically check PyPI to determine
                              whether a new version of pip is available for
                              download. Implied with --no-index.

C:\Users\Elad\Desktop>pip install --upgrade Brotli
Collecting Brotli
  Downloading Brotli-1.0.1.zip (482kB)
    100% |████████████████████████████████| 491kB 273kB/s
Installing collected packages: Brotli
  Running setup.py install for Brotli ... error
    Complete output from command c:\users\elad\appdata\local\programs\python\pyt
hon37-32\python.exe -u -c "import setuptools, tokenize;__file__='C:\\Temp\\pip-b
uild-7ef2r_2z\\Brotli\\setup.py';f=getattr(tokenize, 'open', open)(__file__);cod
e=f.read().replace('\r\n', '\n');f.close();exec(compile(code, __file__, 'exec'))
" install --record C:\Temp\pip-8g4wgk7p-record\install-record.txt --single-versi
on-externally-managed --compile:
    running install
    running build
    running build_py
    creating bin
    creating bin\lib.win32-3.7
    copying python\brotli.py -> bin\lib.win32-3.7
    running build_ext
    building '_brotli' extension
    error: Microsoft Visual C++ 14.0 is required. Get it with "Microsoft Visual
C++ Build Tools": http://landinghub.visualstudio.com/visual-cpp-build-tools

    ----------------------------------------
Command "c:\users\elad\appdata\local\programs\python\python37-32\python.exe -u -
c "import setuptools, tokenize;__file__='C:\\Temp\\pip-build-7ef2r_2z\\Brotli\\s
etup.py';f=getattr(tokenize, 'open', open)(__file__);code=f.read().replace('\r\n
', '\n');f.close();exec(compile(code, __file__, 'exec'))" install --record C:\Te
mp\pip-8g4wgk7p-record\install-record.txt --single-version-externally-managed --
compile" failed with error code 1 in C:\Temp\pip-build-7ef2r_2z\Brotli\

C:\Users\Elad\Desktop>pip install --upgrade "Microsoft Visual C++ Build Tools"
Invalid requirement: 'Microsoft Visual C++ Build Tools'
Traceback (most recent call last):
  File "c:\users\elad\appdata\local\programs\python\python37-32\lib\site-package
s\pip\_vendor\packaging\requirements.py", line 92, in __init__
    req = REQUIREMENT.parseString(requirement_string)
  File "c:\users\elad\appdata\local\programs\python\python37-32\lib\site-package
s\pip\_vendor\pyparsing.py", line 1617, in parseString
    raise exc
  File "c:\users\elad\appdata\local\programs\python\python37-32\lib\site-package
s\pip\_vendor\pyparsing.py", line 1607, in parseString
    loc, tokens = self._parse( instring, 0 )
  File "c:\users\elad\appdata\local\programs\python\python37-32\lib\site-package
s\pip\_vendor\pyparsing.py", line 1379, in _parseNoCache
    loc,tokens = self.parseImpl( instring, preloc, doActions )
  File "c:\users\elad\appdata\local\programs\python\python37-32\lib\site-package
s\pip\_vendor\pyparsing.py", line 3376, in parseImpl
    loc, exprtokens = e._parse( instring, loc, doActions )
  File "c:\users\elad\appdata\local\programs\python\python37-32\lib\site-package
s\pip\_vendor\pyparsing.py", line 1383, in _parseNoCache
    loc,tokens = self.parseImpl( instring, preloc, doActions )
  File "c:\users\elad\appdata\local\programs\python\python37-32\lib\site-package
s\pip\_vendor\pyparsing.py", line 3164, in parseImpl
    raise ParseException(instring, loc, self.errmsg, self)
pip._vendor.pyparsing.ParseException: Expected stringEnd (at char 10), (line:1,
col:11)

During handling of the above exception, another exception occurred:

Traceback (most recent call last):
  File "c:\users\elad\appdata\local\programs\python\python37-32\lib\site-package
s\pip\req\req_install.py", line 82, in __init__
    req = Requirement(req)
  File "c:\users\elad\appdata\local\programs\python\python37-32\lib\site-package
s\pip\_vendor\packaging\requirements.py", line 96, in __init__
    requirement_string[e.loc:e.loc + 8]))
pip._vendor.packaging.requirements.InvalidRequirement: Invalid requirement, pars
e error at "'Visual C'"


C:\Users\Elad\Desktop>pip install --upgrade Brotli
Collecting Brotli
  Using cached Brotli-1.0.1.zip
Installing collected packages: Brotli
  Running setup.py install for Brotli ... done
Successfully installed Brotli-1.0.1

C:\Users\Elad\Desktop>pip install --upgrade zopfli
Collecting zopfli
  Downloading zopfli-0.1.3.zip (75kB)
    100% |████████████████████████████████| 81kB 141kB/s
Installing collected packages: zopfli
  Running setup.py install for zopfli ... done
Successfully installed zopfli-0.1.3

C:\Users\Elad\Desktop>pip install --upgrade unicodedata2
Collecting unicodedata2
  Downloading unicodedata2-10.0.0.post2.tar.gz (1.0MB)
    100% |████████████████████████████████| 1.0MB 164kB/s
Installing collected packages: unicodedata2
  Running setup.py install for unicodedata2 ... done
Successfully installed unicodedata2-10.0.0.post2

C:\Users\Elad\Desktop>pip install --upgrade ttfautohint-py
Collecting ttfautohint-py
  Downloading ttfautohint_py-0.3.0-py2.py3-none-win32.whl (3.6MB)
    100% |████████████████████████████████| 3.6MB 44kB/s
Installing collected packages: ttfautohint-py
Successfully installed ttfautohint-py-0.3.0

C:\Users\Elad\Desktop>pip install --upgrade scipy
Collecting scipy
  Downloading scipy-1.0.0.tar.gz (15.2MB)
    100% |████████████████████████████████| 15.2MB 14kB/s
    Complete output from command python setup.py egg_info:
    Download error on https://pypi.python.org/simple/numpy/: [SSL: CERTIFICATE_V
ERIFY_FAILED] certificate verify failed: unable to get local issuer certificate
(_ssl.c:959) -- Some packages may not be found!
    Couldn't find index page for 'numpy' (maybe misspelled?)
    Download error on https://pypi.python.org/simple/: [SSL: CERTIFICATE_VERIFY_
FAILED] certificate verify failed: unable to get local issuer certificate (_ssl.
c:959) -- Some packages may not be found!
    No local packages or working download links found for numpy>=1.8.2
    Traceback (most recent call last):
      File "<string>", line 1, in <module>
      File "C:\Temp\pip-build-zlb0lhyn\scipy\setup.py", line 418, in <module>
        setup_package()
      File "C:\Temp\pip-build-zlb0lhyn\scipy\setup.py", line 414, in setup_packa
ge
        setup(**metadata)
      File "c:\users\elad\appdata\local\programs\python\python37-32\lib\distutil
s\core.py", line 108, in setup
        _setup_distribution = dist = klass(attrs)
      File "c:\users\elad\appdata\local\programs\python\python37-32\lib\site-pac
kages\setuptools\dist.py", line 315, in __init__
        self.fetch_build_eggs(attrs['setup_requires'])
      File "c:\users\elad\appdata\local\programs\python\python37-32\lib\site-pac
kages\setuptools\dist.py", line 361, in fetch_build_eggs
        replace_conflicting=True,
      File "c:\users\elad\appdata\local\programs\python\python37-32\lib\site-pac
kages\pkg_resources\__init__.py", line 850, in resolve
        dist = best[req.key] = env.best_match(req, ws, installer)
      File "c:\users\elad\appdata\local\programs\python\python37-32\lib\site-pac
kages\pkg_resources\__init__.py", line 1122, in best_match
        return self.obtain(req, installer)
      File "c:\users\elad\appdata\local\programs\python\python37-32\lib\site-pac
kages\pkg_resources\__init__.py", line 1134, in obtain
        return installer(requirement)
      File "c:\users\elad\appdata\local\programs\python\python37-32\lib\site-pac
kages\setuptools\dist.py", line 429, in fetch_build_egg
        return cmd.easy_install(req)
      File "c:\users\elad\appdata\local\programs\python\python37-32\lib\site-pac
kages\setuptools\command\easy_install.py", line 659, in easy_install
        raise DistutilsError(msg)
    distutils.errors.DistutilsError: Could not find suitable distribution for Re
quirement.parse('numpy>=1.8.2')

    ----------------------------------------
Command "python setup.py egg_info" failed with error code 1 in C:\Temp\pip-build
-zlb0lhyn\scipy\

C:\Users\Elad\Desktop>pip

Usage:
  pip <command> [options]

Commands:
  install                     Install packages.
  download                    Download packages.
  uninstall                   Uninstall packages.
  freeze                      Output installed packages in requirements format.
  list                        List installed packages.
  show                        Show information about installed packages.
  check                       Verify installed packages have compatible dependen
cies.
  search                      Search PyPI for packages.
  wheel                       Build wheels from your requirements.
  hash                        Compute hashes of package archives.
  completion                  A helper command used for command completion.
  help                        Show help for commands.

General Options:
  -h, --help                  Show help.
  --isolated                  Run pip in an isolated mode, ignoring
                              environment variables and user configuration.
  -v, --verbose               Give more output. Option is additive, and can be
                              used up to 3 times.
  -V, --version               Show version and exit.
  -q, --quiet                 Give less output. Option is additive, and can be
                              used up to 3 times (corresponding to WARNING,
                              ERROR, and CRITICAL logging levels).
  --log <path>                Path to a verbose appending log.
  --proxy <proxy>             Specify a proxy in the form
                              [user:passwd@]proxy.server:port.
  --retries <retries>         Maximum number of retries each connection should
                              attempt (default 5 times).
  --timeout <sec>             Set the socket timeout (default 15 seconds).
  --exists-action <action>    Default action when a path already exists:
                              (s)witch, (i)gnore, (w)ipe, (b)ackup, (a)bort.
  --trusted-host <hostname>   Mark this host as trusted, even though it does
                              not have valid or any HTTPS.
  --cert <path>               Path to alternate CA bundle.
  --client-cert <path>        Path to SSL client certificate, a single file
                              containing the private key and the certificate
                              in PEM format.
  --cache-dir <dir>           Store the cache data in <dir>.
  --no-cache-dir              Disable the cache.
  --disable-pip-version-check
                              Don't periodically check PyPI to determine
                              whether a new version of pip is available for
                              download. Implied with --no-index.

C:\Users\Elad\Desktop>pip install --upgrade --trusted-host "pypi.python.org" sci
py
Collecting scipy
  Downloading scipy-1.0.0.tar.gz (15.2MB)
    100% |████████████████████████████████| 15.2MB 656kB/s
    Complete output from command python setup.py egg_info:
    Download error on https://pypi.python.org/simple/numpy/: [SSL: CERTIFICATE_V
ERIFY_FAILED] certificate verify failed: unable to get local issuer certificate
(_ssl.c:959) -- Some packages may not be found!
    Couldn't find index page for 'numpy' (maybe misspelled?)
    Download error on https://pypi.python.org/simple/: [SSL: CERTIFICATE_VERIFY_
FAILED] certificate verify failed: unable to get local issuer certificate (_ssl.
c:959) -- Some packages may not be found!
    No local packages or working download links found for numpy>=1.8.2
    Traceback (most recent call last):
      File "<string>", line 1, in <module>
      File "C:\Temp\pip-build-qkovfmn1\scipy\setup.py", line 418, in <module>
        setup_package()
      File "C:\Temp\pip-build-qkovfmn1\scipy\setup.py", line 414, in setup_packa
ge
        setup(**metadata)
      File "c:\users\elad\appdata\local\programs\python\python37-32\lib\distutil
s\core.py", line 108, in setup
        _setup_distribution = dist = klass(attrs)
      File "c:\users\elad\appdata\local\programs\python\python37-32\lib\site-pac
kages\setuptools\dist.py", line 315, in __init__
        self.fetch_build_eggs(attrs['setup_requires'])
      File "c:\users\elad\appdata\local\programs\python\python37-32\lib\site-pac
kages\setuptools\dist.py", line 361, in fetch_build_eggs
        replace_conflicting=True,
      File "c:\users\elad\appdata\local\programs\python\python37-32\lib\site-pac
kages\pkg_resources\__init__.py", line 850, in resolve
        dist = best[req.key] = env.best_match(req, ws, installer)
      File "c:\users\elad\appdata\local\programs\python\python37-32\lib\site-pac
kages\pkg_resources\__init__.py", line 1122, in best_match
        return self.obtain(req, installer)
      File "c:\users\elad\appdata\local\programs\python\python37-32\lib\site-pac
kages\pkg_resources\__init__.py", line 1134, in obtain
        return installer(requirement)
      File "c:\users\elad\appdata\local\programs\python\python37-32\lib\site-pac
kages\setuptools\dist.py", line 429, in fetch_build_egg
        return cmd.easy_install(req)
      File "c:\users\elad\appdata\local\programs\python\python37-32\lib\site-pac
kages\setuptools\command\easy_install.py", line 659, in easy_install
        raise DistutilsError(msg)
    distutils.errors.DistutilsError: Could not find suitable distribution for Re
quirement.parse('numpy>=1.8.2')

    ----------------------------------------
Command "python setup.py egg_info" failed with error code 1 in C:\Temp\pip-build
-qkovfmn1\scipy\

C:\Users\Elad\Desktop>pip install --upgrade --trusted-host "pypi.python.org" sci
py